Using pre-set license
Built from '2020.3/staging' branch; Version is '2020.3.11f1 (99c7afb366b3) revision 10078127'; Using compiler version '192528614'; Build Type 'Release'
OS: 'Windows 10 Home Single Language; OS build 22631.4602; Version 2009; 64bit' Language: 'ru' Physical Memory: 32575 MB
BatchMode: 1, IsHumanControllingUs: 0, StartBugReporterOnCrash: 0, Is64bit: 1, IsPro: 0

 COMMAND LINE ARGUMENTS:
C:\Program Files\Unity\Hub\Editor\2020.3.11f1\Editor\Unity.exe
-adb2
-batchMode
-noUpm
-name
AssetImportWorker0
-projectPath
C:/Users/DANYA/AmayaKidsTask
-logFile
Logs/AssetImportWorker0.log
-srvPort
61571
Successfully changed project path to: C:/Users/DANYA/AmayaKidsTask
C:/Users/DANYA/AmayaKidsTask
Using Asset Import Pipeline V2.
Refreshing native plugins compatible for Editor in 43.14 ms, found 2 plugins.
Preloading 0 native plugins for Editor in 0.00 ms.
Initialize engine version: 2020.3.11f1 (99c7afb366b3)
[Subsystems] Discovering subsystems at path C:/Program Files/Unity/Hub/Editor/2020.3.11f1/Editor/Data/Resources/UnitySubsystems
[Subsystems] Discovering subsystems at path C:/Users/DANYA/AmayaKidsTask/Assets
GfxDevice: creating device client; threaded=0
Direct3D:
    Version:  Direct3D 11.0 [level 11.1]
    Renderer: NVIDIA GeForce GTX 1660 Ti (ID=0x2191)
    Vendor:   
    VRAM:     5991 MB
    Driver:   30.0.15.1278
Initialize mono
Mono path[0] = 'C:/Program Files/Unity/Hub/Editor/2020.3.11f1/Editor/Data/Managed'
Mono path[1] = 'C:/Program Files/Unity/Hub/Editor/2020.3.11f1/Editor/Data/MonoBleedingEdge/lib/mono/unityjit'
Mono config path = 'C:/Program Files/Unity/Hub/Editor/2020.3.11f1/Editor/Data/MonoBleedingEdge/etc'
Using monoOptions --debugger-agent=transport=dt_socket,embedding=1,server=y,suspend=n,address=127.0.0.1:56232
Begin MonoManager ReloadAssembly
Registering precompiled unity dll's ...
Register platform support module: C:/Program Files/Unity/Hub/Editor/2020.3.11f1/Editor/Data/PlaybackEngines/WindowsStandaloneSupport/UnityEditor.WindowsStandalone.Extensions.dll
Registered in 0.002004 seconds.
Native extension for WindowsStandalone target not found
Refreshing native plugins compatible for Editor in 33.84 ms, found 2 plugins.
Preloading 0 native plugins for Editor in 0.00 ms.
Mono: successfully reloaded assembly
- Completed reload, in  2.854 seconds
Platform modules already initialized, skipping
Registering precompiled user dll's ...
Registered in 0.005130 seconds.
Begin MonoManager ReloadAssembly
Native extension for WindowsStandalone target not found
Refreshing native plugins compatible for Editor in 0.43 ms, found 2 plugins.
Preloading 0 native plugins for Editor in 0.00 ms.
Mono: successfully reloaded assembly
- Completed reload, in  1.265 seconds
Platform modules already initialized, skipping
========================================================================
Worker process is ready to serve import requests
Launched and connected shader compiler UnityShaderCompiler.exe after 0.06 seconds
Refreshing native plugins compatible for Editor in 0.44 ms, found 2 plugins.
Preloading 0 native plugins for Editor in 0.00 ms.
Unloading 1543 Unused Serialized files (Serialized files now loaded: 0)
System memory in use before: 70.8 MB.
System memory in use after: 70.9 MB.

Unloading 20 unused Assets to reduce memory usage. Loaded Objects now: 1984.
Total: 2.245100 ms (FindLiveObjects: 0.205400 ms CreateObjectMapping: 0.036900 ms MarkObjects: 1.914400 ms  DeleteObjects: 0.086500 ms)

========================================================================
Received Import Request.
  path: Assets/GameAssets/Scripts/ApplicationInitializer.cs
  artifactKey: Guid(05d8df350d0affe478409bbd369a87b1) Importer(815301076,1909f56bfc062723c751e8b465ee728b)
Start importing Assets/GameAssets/Scripts/ApplicationInitializer.cs using Guid(05d8df350d0affe478409bbd369a87b1) Importer(815301076,1909f56bfc062723c751e8b465ee728b)  -> (artifact id: 'ced610591a7e05ed596941314e0a8a1b') in 0.051272 seconds
  Import took 0.054060 seconds .

========================================================================
Received Import Request.
  Time since last request: 12.822088 seconds.
  path: Assets/GameAssets/Scripts/EffectService.cs
  artifactKey: Guid(c00a14dbd42514d4aa10244a1dc9645d) Importer(815301076,1909f56bfc062723c751e8b465ee728b)
Start importing Assets/GameAssets/Scripts/EffectService.cs using Guid(c00a14dbd42514d4aa10244a1dc9645d) Importer(815301076,1909f56bfc062723c751e8b465ee728b)  -> (artifact id: 'dd5cb86e37af08759c260b6d8c1577f3') in 0.012656 seconds
  Import took 0.016661 seconds .

========================================================================
Received Import Request.
  Time since last request: 0.001517 seconds.
  path: Assets/GameAssets/Scripts/EffectService.cs
  artifactKey: Guid(c00a14dbd42514d4aa10244a1dc9645d) Importer(815301076,1909f56bfc062723c751e8b465ee728b)
Start importing Assets/GameAssets/Scripts/EffectService.cs using Guid(c00a14dbd42514d4aa10244a1dc9645d) Importer(815301076,1909f56bfc062723c751e8b465ee728b)  -> (artifact id: 'dd5cb86e37af08759c260b6d8c1577f3') in 0.003850 seconds
  Import took 0.007304 seconds .

========================================================================
Received Import Request.
  Time since last request: 12.717563 seconds.
  path: Assets/GameAssets/Scripts/IEffectService.cs
  artifactKey: Guid(774749bccff78e34a9d86a3fc5dd3fce) Importer(815301076,1909f56bfc062723c751e8b465ee728b)
Start importing Assets/GameAssets/Scripts/IEffectService.cs using Guid(774749bccff78e34a9d86a3fc5dd3fce) Importer(815301076,1909f56bfc062723c751e8b465ee728b)  -> (artifact id: '028b214235fcff9a70e0255b1d5e2ee7') in 0.012189 seconds
  Import took 0.015590 seconds .

========================================================================
Received Import Request.
  Time since last request: 0.001158 seconds.
  path: Assets/GameAssets/Scripts/IEffectService.cs
  artifactKey: Guid(774749bccff78e34a9d86a3fc5dd3fce) Importer(815301076,1909f56bfc062723c751e8b465ee728b)
Start importing Assets/GameAssets/Scripts/IEffectService.cs using Guid(774749bccff78e34a9d86a3fc5dd3fce) Importer(815301076,1909f56bfc062723c751e8b465ee728b)  -> (artifact id: '028b214235fcff9a70e0255b1d5e2ee7') in 0.005683 seconds
  Import took 0.009277 seconds .

========================================================================
Received Import Request.
  Time since last request: 6.435771 seconds.
  path: Assets/GameAssets/Scripts/IUIHandler.cs
  artifactKey: Guid(977aea7a141fd084eb8fa34f324263d4) Importer(815301076,1909f56bfc062723c751e8b465ee728b)
Start importing Assets/GameAssets/Scripts/IUIHandler.cs using Guid(977aea7a141fd084eb8fa34f324263d4) Importer(815301076,1909f56bfc062723c751e8b465ee728b)  -> (artifact id: '802823e3d260e06dcd6e2cd64f2e3b24') in 0.012344 seconds
  Import took 0.015483 seconds .

========================================================================
Received Import Request.
  Time since last request: 0.002998 seconds.
  path: Assets/GameAssets/Scripts/IUIHandler.cs
  artifactKey: Guid(977aea7a141fd084eb8fa34f324263d4) Importer(815301076,1909f56bfc062723c751e8b465ee728b)
Start importing Assets/GameAssets/Scripts/IUIHandler.cs using Guid(977aea7a141fd084eb8fa34f324263d4) Importer(815301076,1909f56bfc062723c751e8b465ee728b)  -> (artifact id: '802823e3d260e06dcd6e2cd64f2e3b24') in 0.004186 seconds
  Import took 0.008554 seconds .

========================================================================
Received Import Request.
  Time since last request: 3.278977 seconds.
  path: Assets/GameAssets/Scripts/LevelGenerator.cs
  artifactKey: Guid(48db648578f467b42a02d3f193a9a759) Importer(815301076,1909f56bfc062723c751e8b465ee728b)
Start importing Assets/GameAssets/Scripts/LevelGenerator.cs using Guid(48db648578f467b42a02d3f193a9a759) Importer(815301076,1909f56bfc062723c751e8b465ee728b)  -> (artifact id: '9f48c6278c7349a27ed44c16518defd1') in 0.013010 seconds
  Import took 0.016778 seconds .

========================================================================
Received Import Request.
  Time since last request: 9.218128 seconds.
  path: Assets/GameAssets/Scripts/SessionHandler.cs
  artifactKey: Guid(438fb340d8c7e6640899aaa9d63473c4) Importer(815301076,1909f56bfc062723c751e8b465ee728b)
Start importing Assets/GameAssets/Scripts/SessionHandler.cs using Guid(438fb340d8c7e6640899aaa9d63473c4) Importer(815301076,1909f56bfc062723c751e8b465ee728b)  -> (artifact id: '1f7733285e068ff9a020d9aad4a8a801') in 0.012091 seconds
  Import took 0.015278 seconds .

========================================================================
Received Prepare
Registering precompiled user dll's ...
Registered in 0.005358 seconds.
Begin MonoManager ReloadAssembly
Native extension for WindowsStandalone target not found
Refreshing native plugins compatible for Editor in 0.43 ms, found 2 plugins.
Preloading 0 native plugins for Editor in 0.00 ms.
Mono: successfully reloaded assembly
- Completed reload, in  1.200 seconds
Platform modules already initialized, skipping
Refreshing native plugins compatible for Editor in 0.46 ms, found 2 plugins.
Preloading 0 native plugins for Editor in 0.00 ms.
Unloading 1524 Unused Serialized files (Serialized files now loaded: 0)
System memory in use before: 69.4 MB.
System memory in use after: 69.5 MB.

Unloading 15 unused Assets to reduce memory usage. Loaded Objects now: 1987.
Total: 2.365800 ms (FindLiveObjects: 0.207600 ms CreateObjectMapping: 0.043600 ms MarkObjects: 2.090000 ms  DeleteObjects: 0.023400 ms)

AssetImportWorkerClient::OnTransportError - code=2 error=End of file
